<?xml version='1.0' encoding='UTF-8'?>
<testsuite hostname="YuliaKholodetska" name="lab1.BalanceSpec" tests="3" errors="0" failures="1" skipped="0" time="0.164" timestamp="2022-03-25T13:15:25">
          <properties>
[...]
</properties>
          <testcase classname="lab1.BalanceSpec" name="'(a (0? b) max (/ 2 z))' balance" time="0.066">
                      
                    </testcase><testcase classname="lab1.BalanceSpec" name="'Bla bla (bla ...' balance" time="0.002">
                      
                    </testcase><testcase classname="lab1.BalanceSpec" name="'())(' no balance" time="0.096">
                      <failure message="false was not equal to true" type="org.scalatest.exceptions.TestFailedException">org.scalatest.exceptions.TestFailedException: false was not equal to true
	at org.scalatest.matchers.MatchersHelper$.indicateFailure(MatchersHelper.scala:339)
	at org.scalatest.matchers.should.Matchers$AnyShouldWrapper.shouldBe(Matchers.scala:6982)
	at lab1.BalanceSpec.$anonfun$new$3(BalanceSpec.scala:19)
	at org.scalatest.OutcomeOf.outcomeOf(OutcomeOf.scala:85)
	at org.scalatest.OutcomeOf.outcomeOf$(OutcomeOf.scala:83)
	at org.scalatest.OutcomeOf$.outcomeOf(OutcomeOf.scala:104)
	at org.scalatest.Transformer.apply(Transformer.scala:22)
	at org.scalatest.Transformer.apply(Transformer.scala:20)
	at org.scalatest.freespec.AnyFreeSpecLike$$anon$1.apply(AnyFreeSpecLike.scala:406)
	at org.scalatest.TestSuite.withFixture(TestSuite.scala:196)
	at org.scalatest.TestSuite.withFixture$(TestSuite.scala:195)
	at org.scalatest.freespec.AnyFreeSpec.withFixture(AnyFreeSpec.scala:1739)
	at org.scalatest.freespec.AnyFreeSpecLike.invokeWithFixture$1(AnyFreeSpecLike.scala:404)
	at org.scalatest.freespec.AnyFreeSpecLike.$anonfun$runTest$1(AnyFreeSpecLike.scala:416)
	at org.scalatest.SuperEngine.runTestImpl(Engine.scala:306)
	at org.scalatest.freespec.AnyFreeSpecLike.runTest(AnyFreeSpecLike.scala:416)
	at org.scalatest.freespec.AnyFreeSpecLike.runTest$(AnyFreeSpecLike.scala:398)
	at org.scalatest.freespec.AnyFreeSpec.runTest(AnyFreeSpec.scala:1739)
	at org.scalatest.freespec.AnyFreeSpecLike.$anonfun$runTests$1(AnyFreeSpecLike.scala:475)
	at org.scalatest.SuperEngine.$anonfun$runTestsInBranch$1(Engine.scala:413)
	at scala.collection.immutable.List.foreach(List.scala:305)
	at org.scalatest.SuperEngine.traverseSubNodes$1(Engine.scala:401)
	at org.scalatest.SuperEngine.runTestsInBranch(Engine.scala:396)
	at org.scalatest.SuperEngine.runTestsImpl(Engine.scala:475)
	at org.scalatest.freespec.AnyFreeSpecLike.runTests(AnyFreeSpecLike.scala:475)
	at org.scalatest.freespec.AnyFreeSpecLike.runTests$(AnyFreeSpecLike.scala:474)
	at org.scalatest.freespec.AnyFreeSpec.runTests(AnyFreeSpec.scala:1739)
	at org.scalatest.Suite.run(Suite.scala:1112)
	at org.scalatest.Suite.run$(Suite.scala:1094)
	at org.scalatest.freespec.AnyFreeSpec.org$scalatest$freespec$AnyFreeSpecLike$$super$run(AnyFreeSpec.scala:1739)
	at org.scalatest.freespec.AnyFreeSpecLike.$anonfun$run$1(AnyFreeSpecLike.scala:519)
	at org.scalatest.SuperEngine.runImpl(Engine.scala:535)
	at org.scalatest.freespec.AnyFreeSpecLike.run(AnyFreeSpecLike.scala:519)
	at org.scalatest.freespec.AnyFreeSpecLike.run$(AnyFreeSpecLike.scala:518)
	at org.scalatest.freespec.AnyFreeSpec.run(AnyFreeSpec.scala:1739)
	at org.scalatest.tools.Framework.org$scalatest$tools$Framework$$runSuite(Framework.scala:318)
	at org.scalatest.tools.Framework$ScalaTestTask.execute(Framework.scala:513)
	at sbt.TestRunner.runTest$1(TestFramework.scala:140)
	at sbt.TestRunner.run(TestFramework.scala:155)
	at sbt.TestFramework$$anon$3$$anonfun$$lessinit$greater$1.$anonfun$apply$1(TestFramework.scala:318)
	at sbt.TestFramework$.sbt$TestFramework$$withContextLoader(TestFramework.scala:278)
	at sbt.TestFramework$$anon$3$$anonfun$$lessinit$greater$1.apply(TestFramework.scala:318)
	at sbt.TestFramework$$anon$3$$anonfun$$lessinit$greater$1.apply(TestFramework.scala:318)
	at sbt.TestFunction.apply(TestFramework.scala:330)
	at sbt.Tests$.$anonfun$toTask$1(Tests.scala:435)
	at sbt.std.Transform$$anon$3.$anonfun$apply$2(Transform.scala:46)
	at sbt.std.Transform$$anon$4.work(Transform.scala:68)
	at sbt.Execute.$anonfun$submit$2(Execute.scala:282)
	at sbt.internal.util.ErrorHandling$.wideConvert(ErrorHandling.scala:23)
	at sbt.Execute.work(Execute.scala:291)
	at sbt.Execute.$anonfun$submit$1(Execute.scala:282)
	at sbt.ConcurrentRestrictions$$anon$4.$anonfun$submitValid$1(ConcurrentRestrictions.scala:265)
	at sbt.CompletionService$$anon$2.call(CompletionService.scala:64)
	at java.util.concurrent.FutureTask.run(FutureTask.java:266)
	at java.util.concurrent.Executors$RunnableAdapter.call(Executors.java:511)
	at java.util.concurrent.FutureTask.run(FutureTask.java:266)
	at java.util.concurrent.ThreadPoolExecutor.runWorker(ThreadPoolExecutor.java:1149)
	at java.util.concurrent.ThreadPoolExecutor$Worker.run(ThreadPoolExecutor.java:624)
	at java.lang.Thread.run(Thread.java:748)
</failure>
                    </testcase>
          <system-out><![CDATA[]]></system-out>
          <system-err><![CDATA[]]></system-err>
        </testsuite>