<?xml version='1.0' encoding='UTF-8'?>
<testsuite hostname="YuliaKholodetska" name="lab2.FuncSetSpec" tests="9" errors="0" failures="0" skipped="0" time="0.054" timestamp="2022-03-25T12:12:47">
          <properties>
[...]
</properties>
          <testcase classname="lab2.FuncSetSpec" name="contains" time="0.017">
                      
                    </testcase><testcase classname="lab2.FuncSetSpec" name="singletonSet" time="0.0">
                      
                    </testcase><testcase classname="lab2.FuncSetSpec" name="union" time="0.002">
                      
                    </testcase><testcase classname="lab2.FuncSetSpec" name="intersect" time="0.002">
                      
                    </testcase><testcase classname="lab2.FuncSetSpec" name="diff" time="0.0">
                      
                    </testcase><testcase classname="lab2.FuncSetSpec" name="filter" time="0.001">
                      
                    </testcase><testcase classname="lab2.FuncSetSpec" name="forall" time="0.001">
                      
                    </testcase><testcase classname="lab2.FuncSetSpec" name="exists" time="0.002">
                      
                    </testcase><testcase classname="lab2.FuncSetSpec" name="map" time="0.029">
                      
                    </testcase>
          <system-out><![CDATA[]]></system-out>
          <system-err><![CDATA[]]></system-err>
        </testsuite>