[debug] Running TaskDef(lab1.BalanceSpec, org.scalatest.tools.Framework$$anon$1@5fe01d9e, false, [SuiteSelector])
[info] BalanceSpec:
[info] - '(a (0? b) max (/ 2 z))' balance
[info] - 'Bla bla (bla ...' balance
[info] - '())(' no balance *** FAILED ***
[info]   false was not equal to true (BalanceSpec.scala:19)
[info] Run completed in 874 milliseconds.
[info] Total number of tests run: 3
[info] Suites: completed 1, aborted 0
[info] Tests: succeeded 2, failed 1, canceled 0, ignored 0, pending 0
[info] *** 1 TEST FAILED ***
[error] Failed tests:
[error] 	lab1.BalanceSpec
[error] (Test / testOnly) sbt.TestsFailedException: Tests unsuccessful
